-------------------------------------------------------------------------------
Test set: ibm.caseserv.fvt.TestCustomerService
-------------------------------------------------------------------------------
Tests run: 3, Failures: 0, Errors: 3, Skipped: 0, Time elapsed: 0.362 sec <<< FAILURE!
testCreateCustomer(ibm.caseserv.fvt.TestCustomerService)  Time elapsed: 0.252 sec  <<< ERROR!
javax.ws.rs.ProcessingException: org.apache.cxf.interceptor.Fault: No message body writer has been found for class po.dto.model.CustomerAccount, ContentType: application/json
	at org.apache.cxf.jaxrs.client.WebClient.doResponse(WebClient.java:1147)
	at org.apache.cxf.jaxrs.client.WebClient.doChainedInvocation(WebClient.java:1092)
	at org.apache.cxf.jaxrs.client.WebClient.doInvoke(WebClient.java:894)
	at org.apache.cxf.jaxrs.client.WebClient.doInvoke(WebClient.java:865)
	at org.apache.cxf.jaxrs.client.WebClient.invoke(WebClient.java:428)
	at org.apache.cxf.jaxrs.client.WebClient$SyncInvokerImpl.method(WebClient.java:1636)
	at org.apache.cxf.jaxrs.client.WebClient$SyncInvokerImpl.method(WebClient.java:1631)
	at org.apache.cxf.jaxrs.client.WebClient$SyncInvokerImpl.post(WebClient.java:1571)
	at org.apache.cxf.jaxrs.client.spec.InvocationBuilderImpl.post(InvocationBuilderImpl.java:145)
	at ibm.caseserv.fvt.TestCustomerService.postCustomer(TestCustomerService.java:40)
	at ibm.caseserv.fvt.TestCustomerService.testCreateCustomer(TestCustomerService.java:47)
	at sun.reflect.NativeMethodAccessorImpl.invoke0(Native Method)
	at sun.reflect.NativeMethodAccessorImpl.invoke(NativeMethodAccessorImpl.java:62)
	at sun.reflect.DelegatingMethodAccessorImpl.invoke(DelegatingMethodAccessorImpl.java:43)
	at java.lang.reflect.Method.invoke(Method.java:497)
	at org.junit.runners.model.FrameworkMethod$1.runReflectiveCall(FrameworkMethod.java:50)
	at org.junit.internal.runners.model.ReflectiveCallable.run(ReflectiveCallable.java:12)
	at org.junit.runners.model.FrameworkMethod.invokeExplosively(FrameworkMethod.java:47)
	at org.junit.internal.runners.statements.InvokeMethod.evaluate(InvokeMethod.java:17)
	at org.junit.runners.ParentRunner.runLeaf(ParentRunner.java:325)
	at org.junit.runners.BlockJUnit4ClassRunner.runChild(BlockJUnit4ClassRunner.java:78)
	at org.junit.runners.BlockJUnit4ClassRunner.runChild(BlockJUnit4ClassRunner.java:57)
	at org.junit.runners.ParentRunner$3.run(ParentRunner.java:290)
	at org.junit.runners.ParentRunner$1.schedule(ParentRunner.java:71)
	at org.junit.runners.ParentRunner.runChildren(ParentRunner.java:288)
	at org.junit.runners.ParentRunner.access$000(ParentRunner.java:58)
	at org.junit.runners.ParentRunner$2.evaluate(ParentRunner.java:268)
	at org.junit.runners.ParentRunner.run(ParentRunner.java:363)
	at org.apache.maven.surefire.junit4.JUnit4Provider.execute(JUnit4Provider.java:252)
	at org.apache.maven.surefire.junit4.JUnit4Provider.executeTestSet(JUnit4Provider.java:141)
	at org.apache.maven.surefire.junit4.JUnit4Provider.invoke(JUnit4Provider.java:112)
	at sun.reflect.NativeMethodAccessorImpl.invoke0(Native Method)
	at sun.reflect.NativeMethodAccessorImpl.invoke(NativeMethodAccessorImpl.java:62)
	at sun.reflect.DelegatingMethodAccessorImpl.invoke(DelegatingMethodAccessorImpl.java:43)
	at java.lang.reflect.Method.invoke(Method.java:497)
	at org.apache.maven.surefire.util.ReflectionUtils.invokeMethodWithArray(ReflectionUtils.java:189)
	at org.apache.maven.surefire.booter.ProviderFactory$ProviderProxy.invoke(ProviderFactory.java:165)
	at org.apache.maven.surefire.booter.ProviderFactory.invokeProvider(ProviderFactory.java:85)
	at org.apache.maven.surefire.booter.ForkedBooter.runSuitesInProcess(ForkedBooter.java:115)
	at org.apache.maven.surefire.booter.ForkedBooter.main(ForkedBooter.java:75)
Caused by: org.apache.cxf.interceptor.Fault: No message body writer has been found for class po.dto.model.CustomerAccount, ContentType: application/json
	at org.apache.cxf.jaxrs.client.WebClient$BodyWriter.doWriteBody(WebClient.java:1227)
	at org.apache.cxf.jaxrs.client.AbstractClient$AbstractBodyWriter.handleMessage(AbstractClient.java:1055)
	at org.apache.cxf.phase.PhaseInterceptorChain.doIntercept(PhaseInterceptorChain.java:308)
	at org.apache.cxf.jaxrs.client.AbstractClient.doRunInterceptorChain(AbstractClient.java:636)
	at org.apache.cxf.jaxrs.client.WebClient.doChainedInvocation(WebClient.java:1091)
	... 38 more
Caused by: javax.ws.rs.ProcessingException: No message body writer has been found for class po.dto.model.CustomerAccount, ContentType: application/json
	at org.apache.cxf.jaxrs.client.AbstractClient.reportMessageHandlerProblem(AbstractClient.java:754)
	at org.apache.cxf.jaxrs.client.AbstractClient.writeBody(AbstractClient.java:485)
	at org.apache.cxf.jaxrs.client.WebClient$BodyWriter.doWriteBody(WebClient.java:1222)
	... 42 more

testGetCustomer(ibm.caseserv.fvt.TestCustomerService)  Time elapsed: 0.004 sec  <<< ERROR!
javax.ws.rs.ProcessingException: org.apache.cxf.interceptor.Fault: No message body writer has been found for class po.dto.model.CustomerAccount, ContentType: application/json
	at org.apache.cxf.jaxrs.client.WebClient.doResponse(WebClient.java:1147)
	at org.apache.cxf.jaxrs.client.WebClient.doChainedInvocation(WebClient.java:1092)
	at org.apache.cxf.jaxrs.client.WebClient.doInvoke(WebClient.java:894)
	at org.apache.cxf.jaxrs.client.WebClient.doInvoke(WebClient.java:865)
	at org.apache.cxf.jaxrs.client.WebClient.invoke(WebClient.java:428)
	at org.apache.cxf.jaxrs.client.WebClient$SyncInvokerImpl.method(WebClient.java:1636)
	at org.apache.cxf.jaxrs.client.WebClient$SyncInvokerImpl.method(WebClient.java:1631)
	at org.apache.cxf.jaxrs.client.WebClient$SyncInvokerImpl.post(WebClient.java:1571)
	at org.apache.cxf.jaxrs.client.spec.InvocationBuilderImpl.post(InvocationBuilderImpl.java:145)
	at ibm.caseserv.fvt.TestCustomerService.postCustomer(TestCustomerService.java:40)
	at ibm.caseserv.fvt.TestCustomerService.testGetCustomer(TestCustomerService.java:61)
	at sun.reflect.NativeMethodAccessorImpl.invoke0(Native Method)
	at sun.reflect.NativeMethodAccessorImpl.invoke(NativeMethodAccessorImpl.java:62)
	at sun.reflect.DelegatingMethodAccessorImpl.invoke(DelegatingMethodAccessorImpl.java:43)
	at java.lang.reflect.Method.invoke(Method.java:497)
	at org.junit.runners.model.FrameworkMethod$1.runReflectiveCall(FrameworkMethod.java:50)
	at org.junit.internal.runners.model.ReflectiveCallable.run(ReflectiveCallable.java:12)
	at org.junit.runners.model.FrameworkMethod.invokeExplosively(FrameworkMethod.java:47)
	at org.junit.internal.runners.statements.InvokeMethod.evaluate(InvokeMethod.java:17)
	at org.junit.runners.ParentRunner.runLeaf(ParentRunner.java:325)
	at org.junit.runners.BlockJUnit4ClassRunner.runChild(BlockJUnit4ClassRunner.java:78)
	at org.junit.runners.BlockJUnit4ClassRunner.runChild(BlockJUnit4ClassRunner.java:57)
	at org.junit.runners.ParentRunner$3.run(ParentRunner.java:290)
	at org.junit.runners.ParentRunner$1.schedule(ParentRunner.java:71)
	at org.junit.runners.ParentRunner.runChildren(ParentRunner.java:288)
	at org.junit.runners.ParentRunner.access$000(ParentRunner.java:58)
	at org.junit.runners.ParentRunner$2.evaluate(ParentRunner.java:268)
	at org.junit.runners.ParentRunner.run(ParentRunner.java:363)
	at org.apache.maven.surefire.junit4.JUnit4Provider.execute(JUnit4Provider.java:252)
	at org.apache.maven.surefire.junit4.JUnit4Provider.executeTestSet(JUnit4Provider.java:141)
	at org.apache.maven.surefire.junit4.JUnit4Provider.invoke(JUnit4Provider.java:112)
	at sun.reflect.NativeMethodAccessorImpl.invoke0(Native Method)
	at sun.reflect.NativeMethodAccessorImpl.invoke(NativeMethodAccessorImpl.java:62)
	at sun.reflect.DelegatingMethodAccessorImpl.invoke(DelegatingMethodAccessorImpl.java:43)
	at java.lang.reflect.Method.invoke(Method.java:497)
	at org.apache.maven.surefire.util.ReflectionUtils.invokeMethodWithArray(ReflectionUtils.java:189)
	at org.apache.maven.surefire.booter.ProviderFactory$ProviderProxy.invoke(ProviderFactory.java:165)
	at org.apache.maven.surefire.booter.ProviderFactory.invokeProvider(ProviderFactory.java:85)
	at org.apache.maven.surefire.booter.ForkedBooter.runSuitesInProcess(ForkedBooter.java:115)
	at org.apache.maven.surefire.booter.ForkedBooter.main(ForkedBooter.java:75)
Caused by: org.apache.cxf.interceptor.Fault: No message body writer has been found for class po.dto.model.CustomerAccount, ContentType: application/json
	at org.apache.cxf.jaxrs.client.WebClient$BodyWriter.doWriteBody(WebClient.java:1227)
	at org.apache.cxf.jaxrs.client.AbstractClient$AbstractBodyWriter.handleMessage(AbstractClient.java:1055)
	at org.apache.cxf.phase.PhaseInterceptorChain.doIntercept(PhaseInterceptorChain.java:308)
	at org.apache.cxf.jaxrs.client.AbstractClient.doRunInterceptorChain(AbstractClient.java:636)
	at org.apache.cxf.jaxrs.client.WebClient.doChainedInvocation(WebClient.java:1091)
	... 38 more
Caused by: javax.ws.rs.ProcessingException: No message body writer has been found for class po.dto.model.CustomerAccount, ContentType: application/json
	at org.apache.cxf.jaxrs.client.AbstractClient.reportMessageHandlerProblem(AbstractClient.java:754)
	at org.apache.cxf.jaxrs.client.AbstractClient.writeBody(AbstractClient.java:485)
	at org.apache.cxf.jaxrs.client.WebClient$BodyWriter.doWriteBody(WebClient.java:1222)
	... 42 more

testGetCustomers(ibm.caseserv.fvt.TestCustomerService)  Time elapsed: 0.003 sec  <<< ERROR!
javax.ws.rs.ProcessingException: org.apache.cxf.interceptor.Fault: No message body writer has been found for class po.dto.model.CustomerAccount, ContentType: application/json
	at org.apache.cxf.jaxrs.client.WebClient.doResponse(WebClient.java:1147)
	at org.apache.cxf.jaxrs.client.WebClient.doChainedInvocation(WebClient.java:1092)
	at org.apache.cxf.jaxrs.client.WebClient.doInvoke(WebClient.java:894)
	at org.apache.cxf.jaxrs.client.WebClient.doInvoke(WebClient.java:865)
	at org.apache.cxf.jaxrs.client.WebClient.invoke(WebClient.java:428)
	at org.apache.cxf.jaxrs.client.WebClient$SyncInvokerImpl.method(WebClient.java:1636)
	at org.apache.cxf.jaxrs.client.WebClient$SyncInvokerImpl.method(WebClient.java:1631)
	at org.apache.cxf.jaxrs.client.WebClient$SyncInvokerImpl.post(WebClient.java:1571)
	at org.apache.cxf.jaxrs.client.spec.InvocationBuilderImpl.post(InvocationBuilderImpl.java:145)
	at ibm.caseserv.fvt.TestCustomerService.postCustomer(TestCustomerService.java:40)
	at ibm.caseserv.fvt.TestCustomerService.testGetCustomers(TestCustomerService.java:80)
	at sun.reflect.NativeMethodAccessorImpl.invoke0(Native Method)
	at sun.reflect.NativeMethodAccessorImpl.invoke(NativeMethodAccessorImpl.java:62)
	at sun.reflect.DelegatingMethodAccessorImpl.invoke(DelegatingMethodAccessorImpl.java:43)
	at java.lang.reflect.Method.invoke(Method.java:497)
	at org.junit.runners.model.FrameworkMethod$1.runReflectiveCall(FrameworkMethod.java:50)
	at org.junit.internal.runners.model.ReflectiveCallable.run(ReflectiveCallable.java:12)
	at org.junit.runners.model.FrameworkMethod.invokeExplosively(FrameworkMethod.java:47)
	at org.junit.internal.runners.statements.InvokeMethod.evaluate(InvokeMethod.java:17)
	at org.junit.runners.ParentRunner.runLeaf(ParentRunner.java:325)
	at org.junit.runners.BlockJUnit4ClassRunner.runChild(BlockJUnit4ClassRunner.java:78)
	at org.junit.runners.BlockJUnit4ClassRunner.runChild(BlockJUnit4ClassRunner.java:57)
	at org.junit.runners.ParentRunner$3.run(ParentRunner.java:290)
	at org.junit.runners.ParentRunner$1.schedule(ParentRunner.java:71)
	at org.junit.runners.ParentRunner.runChildren(ParentRunner.java:288)
	at org.junit.runners.ParentRunner.access$000(ParentRunner.java:58)
	at org.junit.runners.ParentRunner$2.evaluate(ParentRunner.java:268)
	at org.junit.runners.ParentRunner.run(ParentRunner.java:363)
	at org.apache.maven.surefire.junit4.JUnit4Provider.execute(JUnit4Provider.java:252)
	at org.apache.maven.surefire.junit4.JUnit4Provider.executeTestSet(JUnit4Provider.java:141)
	at org.apache.maven.surefire.junit4.JUnit4Provider.invoke(JUnit4Provider.java:112)
	at sun.reflect.NativeMethodAccessorImpl.invoke0(Native Method)
	at sun.reflect.NativeMethodAccessorImpl.invoke(NativeMethodAccessorImpl.java:62)
	at sun.reflect.DelegatingMethodAccessorImpl.invoke(DelegatingMethodAccessorImpl.java:43)
	at java.lang.reflect.Method.invoke(Method.java:497)
	at org.apache.maven.surefire.util.ReflectionUtils.invokeMethodWithArray(ReflectionUtils.java:189)
	at org.apache.maven.surefire.booter.ProviderFactory$ProviderProxy.invoke(ProviderFactory.java:165)
	at org.apache.maven.surefire.booter.ProviderFactory.invokeProvider(ProviderFactory.java:85)
	at org.apache.maven.surefire.booter.ForkedBooter.runSuitesInProcess(ForkedBooter.java:115)
	at org.apache.maven.surefire.booter.ForkedBooter.main(ForkedBooter.java:75)
Caused by: org.apache.cxf.interceptor.Fault: No message body writer has been found for class po.dto.model.CustomerAccount, ContentType: application/json
	at org.apache.cxf.jaxrs.client.WebClient$BodyWriter.doWriteBody(WebClient.java:1227)
	at org.apache.cxf.jaxrs.client.AbstractClient$AbstractBodyWriter.handleMessage(AbstractClient.java:1055)
	at org.apache.cxf.phase.PhaseInterceptorChain.doIntercept(PhaseInterceptorChain.java:308)
	at org.apache.cxf.jaxrs.client.AbstractClient.doRunInterceptorChain(AbstractClient.java:636)
	at org.apache.cxf.jaxrs.client.WebClient.doChainedInvocation(WebClient.java:1091)
	... 38 more
Caused by: javax.ws.rs.ProcessingException: No message body writer has been found for class po.dto.model.CustomerAccount, ContentType: application/json
	at org.apache.cxf.jaxrs.client.AbstractClient.reportMessageHandlerProblem(AbstractClient.java:754)
	at org.apache.cxf.jaxrs.client.AbstractClient.writeBody(AbstractClient.java:485)
	at org.apache.cxf.jaxrs.client.WebClient$BodyWriter.doWriteBody(WebClient.java:1222)
	... 42 more

